0 info it worked if it ends with ok
1 verbose cli [
1 verbose cli   '/home/carrick/.nvm/versions/node/v12.13.0/bin/node',
1 verbose cli   '/home/carrick/.nvm/versions/node/v12.13.0/bin/npm',
1 verbose cli   'start'
1 verbose cli ]
2 info using npm@3.10.10
3 info using node@v12.13.0
4 verbose config Skipping project config: /home/carrick/.npmrc. (matches userconfig)
5 verbose stack Error: ENOENT: no such file or directory, open '/home/carrick/package.json'
6 verbose cwd /home/carrick/Escritorio/Hackaboss/HackabossTask
7 error Linux 4.15.0-136-generic
8 error argv "/home/carrick/.nvm/versions/node/v12.13.0/bin/node" "/home/carrick/.nvm/versions/node/v12.13.0/bin/npm" "start"
9 error node v12.13.0
10 error npm  v3.10.10
11 error path /home/carrick/package.json
12 error code ENOENT
13 error errno -2
14 error syscall open
15 error enoent ENOENT: no such file or directory, open '/home/carrick/package.json'
16 error enoent ENOENT: no such file or directory, open '/home/carrick/package.json'
16 error enoent This is most likely not a problem with npm itself
16 error enoent and is related to npm not being able to find a file.
17 verbose exit [ -2, true ]
